Starting GatewayApplicationTests on sebastian-Precision-5520 with PID 11261 (started by root in /home/sebastian/Documents/favmovie/gateway)
No active profile set, falling back to default profiles: default
Exposing 2 endpoint(s) beneath base path '/actuator'
Mapped URL path [/v2/api-docs] onto method [public org.springframework.http.ResponseEntity<springfox.documentation.spring.web.json.Json> springfox.documentation.swagger2.web.Swagger2Controller.getDocumentation(java.lang.String,javax.servlet.http.HttpServletRequest)]
Initializing ExecutorService 'applicationTaskExecutor'


Using generated security password: 09d55a7b-a4d1-41db-a694-69b66ba097f6

Creating filter chain: any request, [org.springframework.security.web.context.request.async.WebAsyncManagerIntegrationFilter@73b50d19, org.springframework.security.web.context.SecurityContextPersistenceFilter@5d2aad9, org.springframework.security.web.header.HeaderWriterFilter@3747a038, org.springframework.web.filter.CorsFilter@6c8330f, org.springframework.security.web.csrf.CsrfFilter@7de84704, org.springframework.security.web.authentication.logout.LogoutFilter@63ee20f8, org.springframework.security.web.savedrequest.RequestCacheAwareFilter@335d15a1, org.springframework.security.web.servletapi.SecurityContextHolderAwareRequestFilter@3a85f021, org.springframework.security.web.authentication.AnonymousAuthenticationFilter@196798dd, org.springframework.security.web.session.SessionManagementFilter@1ecc0978, org.springframework.security.web.access.ExceptionTranslationFilter@306d055, org.springframework.security.web.access.intercept.FilterSecurityInterceptor@3f605dc5]
Context refreshed
Found 1 custom documentation plugin(s)
Scanning for api listing references
Started GatewayApplicationTests in 3.414 seconds (JVM running for 4.037)
Shutting down ExecutorService 'applicationTaskExecutor'
Starting GatewayApplicationTests on sebastian-Precision-5520 with PID 11748 (started by root in /home/sebastian/Documents/favmovie/gateway)
No active profile set, falling back to default profiles: default
Exposing 2 endpoint(s) beneath base path '/actuator'
Mapped URL path [/v2/api-docs] onto method [public org.springframework.http.ResponseEntity<springfox.documentation.spring.web.json.Json> springfox.documentation.swagger2.web.Swagger2Controller.getDocumentation(java.lang.String,javax.servlet.http.HttpServletRequest)]
Initializing ExecutorService 'applicationTaskExecutor'


Using generated security password: a5ffa120-16d4-4159-bf39-7fa9d4986437

Creating filter chain: any request, [org.springframework.security.web.context.request.async.WebAsyncManagerIntegrationFilter@2d7a200a, org.springframework.security.web.context.SecurityContextPersistenceFilter@6b815a15, org.springframework.security.web.header.HeaderWriterFilter@ba2063d, org.springframework.web.filter.CorsFilter@bfed42d, org.springframework.security.web.csrf.CsrfFilter@46ecce46, org.springframework.security.web.authentication.logout.LogoutFilter@524605e2, org.springframework.security.web.savedrequest.RequestCacheAwareFilter@7538b563, org.springframework.security.web.servletapi.SecurityContextHolderAwareRequestFilter@426c08e2, org.springframework.security.web.authentication.AnonymousAuthenticationFilter@2492bc8b, org.springframework.security.web.session.SessionManagementFilter@5acbdaab, org.springframework.security.web.access.ExceptionTranslationFilter@78da34ed, org.springframework.security.web.access.intercept.FilterSecurityInterceptor@17206226]
Context refreshed
Found 1 custom documentation plugin(s)
Scanning for api listing references
Started GatewayApplicationTests in 3.432 seconds (JVM running for 4.089)
Shutting down ExecutorService 'applicationTaskExecutor'
Starting GatewayApplicationTests on sebastian-Precision-5520 with PID 12455 (started by root in /home/sebastian/Documents/favmovie/gateway)
No active profile set, falling back to default profiles: default
Exposing 2 endpoint(s) beneath base path '/actuator'
Mapped URL path [/v2/api-docs] onto method [public org.springframework.http.ResponseEntity<springfox.documentation.spring.web.json.Json> springfox.documentation.swagger2.web.Swagger2Controller.getDocumentation(java.lang.String,javax.servlet.http.HttpServletRequest)]
Initializing ExecutorService 'applicationTaskExecutor'


Using generated security password: 8e4b8da5-da1f-402b-95c4-d051f1abb16e

Creating filter chain: any request, [org.springframework.security.web.context.request.async.WebAsyncManagerIntegrationFilter@3f605dc5, org.springframework.security.web.context.SecurityContextPersistenceFilter@3747a038, org.springframework.security.web.header.HeaderWriterFilter@78da34ed, org.springframework.web.filter.CorsFilter@467c1bcb, org.springframework.security.web.csrf.CsrfFilter@3d42d073, org.springframework.security.web.authentication.logout.LogoutFilter@436e8891, org.springframework.security.web.savedrequest.RequestCacheAwareFilter@51697a16, org.springframework.security.web.servletapi.SecurityContextHolderAwareRequestFilter@5d2aad9, org.springframework.security.web.authentication.AnonymousAuthenticationFilter@e5422e3, org.springframework.security.web.session.SessionManagementFilter@188eade6, org.springframework.security.web.access.ExceptionTranslationFilter@3f12f423, org.springframework.security.web.access.intercept.FilterSecurityInterceptor@2f85a2f3]
Context refreshed
Found 1 custom documentation plugin(s)
Scanning for api listing references
Started GatewayApplicationTests in 3.333 seconds (JVM running for 3.974)
Shutting down ExecutorService 'applicationTaskExecutor'
Starting GatewayApplicationTests on sebastian-Precision-5520 with PID 16824 (started by root in /home/sebastian/Documents/favmovie/gateway)
No active profile set, falling back to default profiles: default
Exposing 2 endpoint(s) beneath base path '/actuator'
Mapped URL path [/v2/api-docs] onto method [public org.springframework.http.ResponseEntity<springfox.documentation.spring.web.json.Json> springfox.documentation.swagger2.web.Swagger2Controller.getDocumentation(java.lang.String,javax.servlet.http.HttpServletRequest)]
Initializing ExecutorService 'applicationTaskExecutor'


Using generated security password: a271e8a5-c758-45ac-9d8f-31a8e7bb65e9

Creating filter chain: any request, [org.springframework.security.web.context.request.async.WebAsyncManagerIntegrationFilter@6d599c5f, org.springframework.security.web.context.SecurityContextPersistenceFilter@28238392, org.springframework.security.web.header.HeaderWriterFilter@7f7ca570, org.springframework.web.filter.CorsFilter@595f188b, org.springframework.security.web.csrf.CsrfFilter@22e7e7af, org.springframework.security.web.authentication.logout.LogoutFilter@17d5468a, org.springframework.security.web.savedrequest.RequestCacheAwareFilter@436e8891, org.springframework.security.web.servletapi.SecurityContextHolderAwareRequestFilter@166cfb39, org.springframework.security.web.authentication.AnonymousAuthenticationFilter@123b5e5f, org.springframework.security.web.session.SessionManagementFilter@426c08e2, org.springframework.security.web.access.ExceptionTranslationFilter@61cd6074, org.springframework.security.web.access.intercept.FilterSecurityInterceptor@7a486deb]
Context refreshed
Found 1 custom documentation plugin(s)
Scanning for api listing references
Started GatewayApplicationTests in 3.556 seconds (JVM running for 4.215)
Shutting down ExecutorService 'applicationTaskExecutor'
Starting GatewayApplicationTests on sebastian-Precision-5520 with PID 19357 (started by root in /home/sebastian/Documents/favmovie/gateway)
No active profile set, falling back to default profiles: default
Exposing 2 endpoint(s) beneath base path '/actuator'
Mapped URL path [/v2/api-docs] onto method [public org.springframework.http.ResponseEntity<springfox.documentation.spring.web.json.Json> springfox.documentation.swagger2.web.Swagger2Controller.getDocumentation(java.lang.String,javax.servlet.http.HttpServletRequest)]
Initializing ExecutorService 'applicationTaskExecutor'


Using generated security password: 2ad137fc-c8f0-4471-8032-54c72ac3f545

Creating filter chain: any request, [org.springframework.security.web.context.request.async.WebAsyncManagerIntegrationFilter@2492bc8b, org.springframework.security.web.context.SecurityContextPersistenceFilter@7538b563, org.springframework.security.web.header.HeaderWriterFilter@10fd19ab, org.springframework.web.filter.CorsFilter@7a486deb, org.springframework.security.web.csrf.CsrfFilter@3ea1aef6, org.springframework.security.web.authentication.logout.LogoutFilter@3fca468c, org.springframework.security.web.savedrequest.RequestCacheAwareFilter@1ecc0978, org.springframework.security.web.servletapi.SecurityContextHolderAwareRequestFilter@3dee087d, org.springframework.security.web.authentication.AnonymousAuthenticationFilter@64e78d8, org.springframework.security.web.session.SessionManagementFilter@61cd6074, org.springframework.security.web.access.ExceptionTranslationFilter@796555f5, org.springframework.security.web.access.intercept.FilterSecurityInterceptor@62070797]
Context refreshed
Found 1 custom documentation plugin(s)
Scanning for api listing references
Started GatewayApplicationTests in 3.342 seconds (JVM running for 3.998)
Shutting down ExecutorService 'applicationTaskExecutor'
Starting GatewayApplicationTests on sebastian-Precision-5520 with PID 32461 (started by root in /home/sebastian/Documents/favmovie/gateway)
No active profile set, falling back to default profiles: default
Exposing 2 endpoint(s) beneath base path '/actuator'
Mapped URL path [/v2/api-docs] onto method [public org.springframework.http.ResponseEntity<springfox.documentation.spring.web.json.Json> springfox.documentation.swagger2.web.Swagger2Controller.getDocumentation(java.lang.String,javax.servlet.http.HttpServletRequest)]
Initializing ExecutorService 'applicationTaskExecutor'


Using generated security password: 458acc33-acf9-46ed-a368-73c0f30fba10

Creating filter chain: any request, [org.springframework.security.web.context.request.async.WebAsyncManagerIntegrationFilter@35a01dac, org.springframework.security.web.context.SecurityContextPersistenceFilter@e57b210, org.springframework.security.web.header.HeaderWriterFilter@283224c7, org.springframework.web.filter.CorsFilter@64f16b01, org.springframework.security.web.csrf.CsrfFilter@1fa94593, org.springframework.security.web.authentication.logout.LogoutFilter@314627cd, org.springframework.security.web.savedrequest.RequestCacheAwareFilter@413a23a8, org.springframework.security.web.servletapi.SecurityContextHolderAwareRequestFilter@4313ae91, org.springframework.security.web.authentication.AnonymousAuthenticationFilter@531ef859, org.springframework.security.web.session.SessionManagementFilter@4093b884, org.springframework.security.web.access.ExceptionTranslationFilter@1570a3b6, org.springframework.security.web.access.intercept.FilterSecurityInterceptor@5bd2bed8]
Context refreshed
Found 1 custom documentation plugin(s)
Scanning for api listing references
Started GatewayApplicationTests in 3.57 seconds (JVM running for 4.218)
Shutting down ExecutorService 'applicationTaskExecutor'
